Array
(
    [filename] => people
    [action] => load
    [mvc_posturl] => http://localhost/jmvc/jmvc/models/people.js
    [mvc_type] => json
    [mvc_timestamp] => 1309882128534
    [cookie] => Array
        (
            [mvc_uuid] => 1309463877691-3258F8A9-5DA1-4187-9059-50630A719E06
        )

)

Array
(
    [filename] => people
    [action] => load
    [mvc_posturl] => http://localhost/jmvc/jmvc/models/people.js
    [mvc_type] => json
    [mvc_timestamp] => 1309882234251
    [cookie] => Array
        (
            [mvc_uuid] => 1309463877691-3258F8A9-5DA1-4187-9059-50630A719E06
        )

)

Array
(
    [filename] => people
    [action] => load
    [mvc_posturl] => http://localhost/jmvc/jmvc/models/people.js
    [mvc_type] => json
    [mvc_timestamp] => 1309901865106
    [cookie] => null
)

Array
(
    [filename] => people
    [action] => load
    [mvc_posturl] => http://localhost/jmvc/jmvc/models/people.js
    [mvc_type] => json
    [mvc_timestamp] => 1309909706621
    [cookie] => null
)

