Array
(
    [error] => No Error
    [error_no] => 0
    [row_affected] => 1
    [record] => Array
        (
            [id] => 17
            [title] => womenfolk
            [tags] => palmature
            [note] => galvanograph
unsanguineous
standard
        )

    [records] => Array
        (
            [0] => Array
                (
                    [id] => 17
                    [title] => womenfolk
                    [tags] => palmature
                    [note] => galvanograph
unsanguineous
standard
                )

        )

)

Array
(
    [error] => No Error
    [error_no] => 0
    [row_affected] => 1
    [record] => Array
        (
            [id] => 17
            [title] => womenfolk
            [tags] => palmature
            [note] => galvanograph
unsanguineous
standard
        )

    [records] => Array
        (
            [0] => Array
                (
                    [id] => 17
                    [title] => womenfolk
                    [tags] => palmature
                    [note] => galvanograph
unsanguineous
standard
                )

        )

)

Array
(
    [error] => No Error
    [error_no] => 0
    [row_affected] => 1
    [record] => Array
        (
            [id] => 17
            [title] => womenfolk
            [tags] => palmature
            [note] => galvanograph
unsanguineous
standard
        )

    [records] => Array
        (
            [0] => Array
                (
                    [id] => 17
                    [title] => womenfolk
                    [tags] => palmature
                    [note] => galvanograph
unsanguineous
standard
                )

        )

)

Array
(
    [error] => No Error
    [error_no] => 0
    [row_affected] => 1
    [record] => Array
        (
            [id] => 17
            [title] => womenfolk
            [tags] => palmature
            [note] => galvanograph
unsanguineous
standard
        )

    [records] => Array
        (
            [0] => Array
                (
                    [id] => 17
                    [title] => womenfolk
                    [tags] => palmature
                    [note] => galvanograph
unsanguineous
standard
                )

        )

)

